[35m[1mScanning dependencies of target geometry_msgs_generate_messages_py[0m
[35m[1mScanning dependencies of target _rosaria_generate_messages_check_deps_BumperState[0m
[35m[1mScanning dependencies of target geometry_msgs_generate_messages_cpp[0m
[35m[1mScanning dependencies of target std_msgs_generate_messages_cpp[0m
[35m[1mScanning dependencies of target std_msgs_generate_messages_py[0m
[35m[1mScanning dependencies of target std_msgs_generate_messages_nodejs[0m
[35m[1mScanning dependencies of target geometry_msgs_generate_messages_nodejs[0m
[35m[1mScanning dependencies of target geometry_msgs_generate_messages_lisp[0m
[35m[1mScanning dependencies of target std_msgs_generate_messages_eus[0m
[  0%] Built target geometry_msgs_generate_messages_py
[35m[1mScanning dependencies of target geometry_msgs_generate_messages_eus[0m
[  0%] Built target std_msgs_generate_messages_nodejs
[  0%] Built target geometry_msgs_generate_messages_cpp
[  0%] Built target std_msgs_generate_messages_cpp
[  0%] Built target geometry_msgs_generate_messages_lisp
[  0%] Built target geometry_msgs_generate_messages_nodejs
[  0%] Built target std_msgs_generate_messages_eus
[  0%] Built target std_msgs_generate_messages_py
[35m[1mScanning dependencies of target std_msgs_generate_messages_lisp[0m
[  0%] Built target geometry_msgs_generate_messages_eus
[35m[1mScanning dependencies of target rosaria_gencfg[0m
[  0%] Built target std_msgs_generate_messages_lisp
[  9%] [34m[1mGenerating dynamic reconfigure files from cfg/RosAria.cfg: /home/lauragaspar/catkin_pioneer/devel/.private/rosaria/include/rosaria/RosAriaConfig.h /home/lauragaspar/catkin_pioneer/devel/.private/rosaria/lib/python3/dist-packages/rosaria/cfg/RosAriaConfig.py[0m
[  9%] Built target _rosaria_generate_messages_check_deps_BumperState
[35m[1mScanning dependencies of target rosaria_generate_messages_cpp[0m
[35m[1mScanning dependencies of target rosaria_generate_messages_eus[0m
[35m[1mScanning dependencies of target rosaria_generate_messages_py[0m
[35m[1mScanning dependencies of target rosaria_generate_messages_nodejs[0m
[35m[1mScanning dependencies of target rosaria_generate_messages_lisp[0m
[ 18%] [34m[1mGenerating EusLisp manifest code for rosaria[0m
[ 36%] [34m[1mGenerating C++ code from rosaria/BumperState.msg[0m
[ 36%] [34m[1mGenerating EusLisp code from rosaria/BumperState.msg[0m
[ 45%] [34m[1mGenerating Lisp code from rosaria/BumperState.msg[0m
[ 63%] [34m[1mGenerating Javascript code from rosaria/BumperState.msg[0m
[ 63%] [34m[1mGenerating Python from MSG rosaria/BumperState[0m
Generating reconfiguration files for RosAria in rosaria
Wrote header file in /home/lauragaspar/catkin_pioneer/devel/.private/rosaria/include/rosaria/RosAriaConfig.h
[ 63%] Built target rosaria_generate_messages_lisp
[ 63%] Built target rosaria_generate_messages_nodejs
[ 63%] Built target rosaria_gencfg
[ 63%] Built target rosaria_generate_messages_cpp
[35m[1mScanning dependencies of target rosaria_gencpp[0m
[ 63%] Built target rosaria_gencpp
[35m[1mScanning dependencies of target RosAria[0m
[ 72%] [34m[1mGenerating Python msg __init__.py for rosaria[0m
[ 81%] [32mBuilding CXX object CMakeFiles/RosAria.dir/RosAria.cpp.o[0m
[ 90%] [32mBuilding CXX object CMakeFiles/RosAria.dir/LaserPublisher.cpp.o[0m
[01m[K/home/lauragaspar/catkin_pioneer/src/Pioneer_P3_DX2_packages_ROS_Noetic/Pioneer_P3_DX2_packages_ROS_Noetic/rosaria/RosAria.cpp:6:12:[m[K [01;31m[Kfatal error: [m[KAria.h: No such file or directory
    6 |   #include [01;31m[K<Aria.h>[m[K
      |            [01;31m[K^~~~~~~~[m[K
compilation terminated.
make[2]: *** [CMakeFiles/RosAria.dir/build.make:63: CMakeFiles/RosAria.dir/RosAria.cpp.o] Error 1
make[2]: *** Waiting for unfinished jobs....
[ 90%] Built target rosaria_generate_messages_py
[ 90%] Built target rosaria_generate_messages_eus
[35m[1mScanning dependencies of target rosaria_generate_messages[0m
[ 90%] Built target rosaria_generate_messages
make[1]: *** [CMakeFiles/Makefile2:848: CMakeFiles/RosAria.dir/all] Error 2
make: *** [Makefile:141: all] Error 2
